<?xml version="1.0" encoding="UTF-8"?>
<!-- Generated by org.testng.reporters.JUnitXMLReporter -->
<testsuite ignored="2" hostname="U-DD2X5T3" failures="0" tests="1" name="Default test" time="10.72" errors="0" timestamp="2023-08-17T10:12:56 IST">
  <testcase classname="com.udb.allytest.AccessibilityTesting1" name="testAccesibilityIssuesForChrome" time="0.687"/>
  <testcase classname="com.udb.allytest.AccessibilityTesting1" name="testAccessibilityForTitle" time="0.0">
    <ignored/>
  </testcase> <!-- testAccessibilityForTitle -->
  <testcase classname="com.udb.allytest.AccessibilityTesting1" name="testAccessibilityForWebElement" time="0.0">
    <ignored/>
  </testcase> <!-- testAccessibilityForWebElement -->
</testsuite> <!-- Default test -->
