<?xml version="1.0" encoding="UTF-8"?>
<testng-results ignored="0" total="1" passed="1" failed="0" skipped="0">
  <reporter-output>
  </reporter-output>
  <suite started-at="2023-08-17T10:12:45 IST" name="Default suite" finished-at="2023-08-17T10:12:56 IST" duration-ms="10720">
    <groups>
    </groups>
    <test started-at="2023-08-17T10:12:45 IST" name="Default test" finished-at="2023-08-17T10:12:56 IST" duration-ms="10720">
      <class name="com.udb.allytest.AccessibilityTesting1">
        <test-method is-config="true" signature="beforeTest()[pri:0, instance:com.udb.allytest.AccessibilityTesting1@6bbe85a8]" started-at="2023-08-17T10:12:45 IST" name="beforeTest" finished-at="2023-08-17T10:12:52 IST" duration-ms="6560" status="PASS">
          <reporter-output>
          </reporter-output>
        </test-method> <!-- beforeTest -->
        <test-method signature="testAccesibilityIssuesForChrome()[pri:0, instance:com.udb.allytest.AccessibilityTesting1@6bbe85a8]" started-at="2023-08-17T10:12:52 IST" name="testAccesibilityIssuesForChrome" finished-at="2023-08-17T10:12:53 IST" duration-ms="687" status="PASS">
          <reporter-output>
          </reporter-output>
        </test-method> <!-- testAccesibilityIssuesForChrome -->
        <test-method is-config="true" signature="afterTest()[pri:0, instance:com.udb.allytest.AccessibilityTesting1@6bbe85a8]" started-at="2023-08-17T10:12:53 IST" name="afterTest" finished-at="2023-08-17T10:12:56 IST" duration-ms="3429" status="PASS">
          <reporter-output>
          </reporter-output>
        </test-method> <!-- afterTest -->
      </class> <!-- com.udb.allytest.AccessibilityTesting1 -->
    </test> <!-- Default test -->
  </suite> <!-- Default suite -->
</testng-results>
